<?xml version="1.0" encoding="UTF-8"?>
<!-- Generated by org.testng.reporters.JUnitReportReporter -->
<testsuite skipped="0" hostname="Souni-PC" name="com.test.automation.uiAutomation.homePage.TC001_VerifyLoginWithInvalidCredentials" tests="1" failures="0" timestamp="18 Apr 2017 17:35:17 GMT" time="6.470" errors="0">
  <testcase name="verifyLoginWithInvalidCredentials" time="6.470" classname="com.test.automation.uiAutomation.homePage.TC001_VerifyLoginWithInvalidCredentials"/>
</testsuite> <!-- com.test.automation.uiAutomation.homePage.TC001_VerifyLoginWithInvalidCredentials -->
